-------------------------------------------------------------------------------
>Log Session: Wednesday, April 26, 2017 6:02:54 PM CEST
>System Info: 
  Product Version         = NetBeans Platform 8.1 (Build 201510222201)
  Operating System        = Windows 10 version 10.0 running on amd64
  Java; VM; Vendor        = 1.8.0_101; Java HotSpot(TM) 64-Bit Server VM 25.101-b13; Oracle Corporation
  Runtime                 = Java(TM) SE Runtime Environment 1.8.0_101-b13
  Java Home               = C:\Program Files\Java\jdk1.8.0_101\jre
  System Locale; Encoding = da_DK (asteroidsnetbeansspring); Cp1252
  Home Directory          = C:\Users\Niels
  Current Directory       = D:\Dropbox\Java projekter\cbse-week-11-to-17\AsteroidsNetBeansSpring\application\target\asteroidsnetbeansspring
  User Directory          = D:\Dropbox\Java projekter\cbse-week-11-to-17\AsteroidsNetBeansSpring\application\target\userdir
  Cache Directory         = D:\Dropbox\Java projekter\cbse-week-11-to-17\AsteroidsNetBeansSpring\application\target\userdir\var\cache
  Installation            = D:\Dropbox\Java projekter\cbse-week-11-to-17\AsteroidsNetBeansSpring\application\target\asteroidsnetbeansspring\asteroidsnetbeansspring
                            D:\Dropbox\Java projekter\cbse-week-11-to-17\AsteroidsNetBeansSpring\application\target\asteroidsnetbeansspring\bin
                            D:\Dropbox\Java projekter\cbse-week-11-to-17\AsteroidsNetBeansSpring\application\target\asteroidsnetbeansspring\etc
                            D:\Dropbox\Java projekter\cbse-week-11-to-17\AsteroidsNetBeansSpring\application\target\asteroidsnetbeansspring\platform
                            D:\Dropbox\Java projekter\cbse-week-11-to-17\AsteroidsNetBeansSpring\application\target\asteroidsnetbeansspring\platform
  Boot & Ext. Classpath   = C:\Program Files\Java\jdk1.8.0_101\jre\lib\resources.jar;C:\Program Files\Java\jdk1.8.0_101\jre\lib\rt.jar;C:\Program Files\Java\jdk1.8.0_101\jre\lib\sunrsasign.jar;C:\Program Files\Java\jdk1.8.0_101\jre\lib\jsse.jar;C:\Program Files\Java\jdk1.8.0_101\jre\lib\jce.jar;C:\Program Files\Java\jdk1.8.0_101\jre\lib\charsets.jar;C:\Program Files\Java\jdk1.8.0_101\jre\lib\jfr.jar;C:\Program Files\Java\jdk1.8.0_101\jre\classes;C:\Program Files\Java\jdk1.8.0_101\jre\lib\ext\access-bridge-64.jar;C:\Program Files\Java\jdk1.8.0_101\jre\lib\ext\cldrdata.jar;C:\Program Files\Java\jdk1.8.0_101\jre\lib\ext\dnsns.jar;C:\Program Files\Java\jdk1.8.0_101\jre\lib\ext\jaccess.jar;C:\Program Files\Java\jdk1.8.0_101\jre\lib\ext\jfxrt.jar;C:\Program Files\Java\jdk1.8.0_101\jre\lib\ext\localedata.jar;C:\Program Files\Java\jdk1.8.0_101\jre\lib\ext\nashorn.jar;C:\Program Files\Java\jdk1.8.0_101\jre\lib\ext\sunec.jar;C:\Program Files\Java\jdk1.8.0_101\jre\lib\ext\sunjce_provider.jar;C:\Program Files\Java\jdk1.8.0_101\jre\lib\ext\sunmscapi.jar;C:\Program Files\Java\jdk1.8.0_101\jre\lib\ext\sunpkcs11.jar;C:\Program Files\Java\jdk1.8.0_101\jre\lib\ext\zipfs.jar
  Application Classpath   = D:\Dropbox\Java projekter\cbse-week-11-to-17\AsteroidsNetBeansSpring\application\target\asteroidsnetbeansspring\platform\lib\boot.jar;D:\Dropbox\Java projekter\cbse-week-11-to-17\AsteroidsNetBeansSpring\application\target\asteroidsnetbeansspring\platform\lib\org-openide-modules.jar;D:\Dropbox\Java projekter\cbse-week-11-to-17\AsteroidsNetBeansSpring\application\target\asteroidsnetbeansspring\platform\lib\org-openide-util-lookup.jar;D:\Dropbox\Java projekter\cbse-week-11-to-17\AsteroidsNetBeansSpring\application\target\asteroidsnetbeansspring\platform\lib\org-openide-util-ui.jar;D:\Dropbox\Java projekter\cbse-week-11-to-17\AsteroidsNetBeansSpring\application\target\asteroidsnetbeansspring\platform\lib\org-openide-util.jar;D:\Dropbox\Java projekter\cbse-week-11-to-17\AsteroidsNetBeansSpring\application\target\asteroidsnetbeansspring\platform\lib\locale\boot_ja.jar;D:\Dropbox\Java projekter\cbse-week-11-to-17\AsteroidsNetBeansSpring\application\target\asteroidsnetbeansspring\platform\lib\locale\boot_pt_BR.jar;D:\Dropbox\Java projekter\cbse-week-11-to-17\AsteroidsNetBeansSpring\application\target\asteroidsnetbeansspring\platform\lib\locale\boot_ru.jar;D:\Dropbox\Java projekter\cbse-week-11-to-17\AsteroidsNetBeansSpring\application\target\asteroidsnetbeansspring\platform\lib\locale\boot_zh_CN.jar;D:\Dropbox\Java projekter\cbse-week-11-to-17\AsteroidsNetBeansSpring\application\target\asteroidsnetbeansspring\platform\lib\locale\org-openide-modules_ja.jar;D:\Dropbox\Java projekter\cbse-week-11-to-17\AsteroidsNetBeansSpring\application\target\asteroidsnetbeansspring\platform\lib\locale\org-openide-modules_pt_BR.jar;D:\Dropbox\Java projekter\cbse-week-11-to-17\AsteroidsNetBeansSpring\application\target\asteroidsnetbeansspring\platform\lib\locale\org-openide-modules_ru.jar;D:\Dropbox\Java projekter\cbse-week-11-to-17\AsteroidsNetBeansSpring\application\target\asteroidsnetbeansspring\platform\lib\locale\org-openide-modules_zh_CN.jar;D:\Dropbox\Java projekter\cbse-week-11-to-17\AsteroidsNetBeansSpring\application\target\asteroidsnetbeansspring\platform\lib\locale\org-openide-util-lookup_ja.jar;D:\Dropbox\Java projekter\cbse-week-11-to-17\AsteroidsNetBeansSpring\application\target\asteroidsnetbeansspring\platform\lib\locale\org-openide-util-lookup_pt_BR.jar;D:\Dropbox\Java projekter\cbse-week-11-to-17\AsteroidsNetBeansSpring\application\target\asteroidsnetbeansspring\platform\lib\locale\org-openide-util-lookup_ru.jar;D:\Dropbox\Java projekter\cbse-week-11-to-17\AsteroidsNetBeansSpring\application\target\asteroidsnetbeansspring\platform\lib\locale\org-openide-util-lookup_zh_CN.jar;D:\Dropbox\Java projekter\cbse-week-11-to-17\AsteroidsNetBeansSpring\application\target\asteroidsnetbeansspring\platform\lib\locale\org-openide-util-ui_ja.jar;D:\Dropbox\Java projekter\cbse-week-11-to-17\AsteroidsNetBeansSpring\application\target\asteroidsnetbeansspring\platform\lib\locale\org-openide-util-ui_pt_BR.jar;D:\Dropbox\Java projekter\cbse-week-11-to-17\AsteroidsNetBeansSpring\application\target\asteroidsnetbeansspring\platform\lib\locale\org-openide-util-ui_ru.jar;D:\Dropbox\Java projekter\cbse-week-11-to-17\AsteroidsNetBeansSpring\application\target\asteroidsnetbeansspring\platform\lib\locale\org-openide-util-ui_zh_CN.jar;D:\Dropbox\Java projekter\cbse-week-11-to-17\AsteroidsNetBeansSpring\application\target\asteroidsnetbeansspring\platform\lib\locale\org-openide-util_ja.jar;D:\Dropbox\Java projekter\cbse-week-11-to-17\AsteroidsNetBeansSpring\application\target\asteroidsnetbeansspring\platform\lib\locale\org-openide-util_pt_BR.jar;D:\Dropbox\Java projekter\cbse-week-11-to-17\AsteroidsNetBeansSpring\application\target\asteroidsnetbeansspring\platform\lib\locale\org-openide-util_ru.jar;D:\Dropbox\Java projekter\cbse-week-11-to-17\AsteroidsNetBeansSpring\application\target\asteroidsnetbeansspring\platform\lib\locale\org-openide-util_zh_CN.jar;C:\Program Files\Java\jdk1.8.0_101\lib\dt.jar;C:\Program Files\Java\jdk1.8.0_101\lib\tools.jar
  Startup Classpath       = D:\Dropbox\Java projekter\cbse-week-11-to-17\AsteroidsNetBeansSpring\application\target\asteroidsnetbeansspring\platform\core\asm-all-5.0.1.jar;D:\Dropbox\Java projekter\cbse-week-11-to-17\AsteroidsNetBeansSpring\application\target\asteroidsnetbeansspring\platform\core\core-base.jar;D:\Dropbox\Java projekter\cbse-week-11-to-17\AsteroidsNetBeansSpring\application\target\asteroidsnetbeansspring\platform\core\core.jar;D:\Dropbox\Java projekter\cbse-week-11-to-17\AsteroidsNetBeansSpring\application\target\asteroidsnetbeansspring\platform\core\org-netbeans-libs-asm.jar;D:\Dropbox\Java projekter\cbse-week-11-to-17\AsteroidsNetBeansSpring\application\target\asteroidsnetbeansspring\platform\core\org-openide-filesystems.jar;D:\Dropbox\Java projekter\cbse-week-11-to-17\AsteroidsNetBeansSpring\application\target\asteroidsnetbeansspring\platform\core\locale\core-base_ja.jar;D:\Dropbox\Java projekter\cbse-week-11-to-17\AsteroidsNetBeansSpring\application\target\asteroidsnetbeansspring\platform\core\locale\core-base_pt_BR.jar;D:\Dropbox\Java projekter\cbse-week-11-to-17\AsteroidsNetBeansSpring\application\target\asteroidsnetbeansspring\platform\core\locale\core-base_ru.jar;D:\Dropbox\Java projekter\cbse-week-11-to-17\AsteroidsNetBeansSpring\application\target\asteroidsnetbeansspring\platform\core\locale\core-base_zh_CN.jar;D:\Dropbox\Java projekter\cbse-week-11-to-17\AsteroidsNetBeansSpring\application\target\asteroidsnetbeansspring\platform\core\locale\core_ja.jar;D:\Dropbox\Java projekter\cbse-week-11-to-17\AsteroidsNetBeansSpring\application\target\asteroidsnetbeansspring\platform\core\locale\core_pt_BR.jar;D:\Dropbox\Java projekter\cbse-week-11-to-17\AsteroidsNetBeansSpring\application\target\asteroidsnetbeansspring\platform\core\locale\core_ru.jar;D:\Dropbox\Java projekter\cbse-week-11-to-17\AsteroidsNetBeansSpring\application\target\asteroidsnetbeansspring\platform\core\locale\core_zh_CN.jar;D:\Dropbox\Java projekter\cbse-week-11-to-17\AsteroidsNetBeansSpring\application\target\asteroidsnetbeansspring\platform\core\locale\org-netbeans-libs-asm_ja.jar;D:\Dropbox\Java projekter\cbse-week-11-to-17\AsteroidsNetBeansSpring\application\target\asteroidsnetbeansspring\platform\core\locale\org-netbeans-libs-asm_pt_BR.jar;D:\Dropbox\Java projekter\cbse-week-11-to-17\AsteroidsNetBeansSpring\application\target\asteroidsnetbeansspring\platform\core\locale\org-netbeans-libs-asm_ru.jar;D:\Dropbox\Java projekter\cbse-week-11-to-17\AsteroidsNetBeansSpring\application\target\asteroidsnetbeansspring\platform\core\locale\org-netbeans-libs-asm_zh_CN.jar;D:\Dropbox\Java projekter\cbse-week-11-to-17\AsteroidsNetBeansSpring\application\target\asteroidsnetbeansspring\platform\core\locale\org-openide-filesystems_ja.jar;D:\Dropbox\Java projekter\cbse-week-11-to-17\AsteroidsNetBeansSpring\application\target\asteroidsnetbeansspring\platform\core\locale\org-openide-filesystems_pt_BR.jar;D:\Dropbox\Java projekter\cbse-week-11-to-17\AsteroidsNetBeansSpring\application\target\asteroidsnetbeansspring\platform\core\locale\org-openide-filesystems_ru.jar;D:\Dropbox\Java projekter\cbse-week-11-to-17\AsteroidsNetBeansSpring\application\target\asteroidsnetbeansspring\platform\core\locale\org-openide-filesystems_zh_CN.jar
-------------------------------------------------------------------------------
INFO [org.netbeans.core.startup.NbEvents]: Module patch or custom extension: D:\Dropbox\Java projekter\cbse-week-11-to-17\AsteroidsNetBeansSpring\application\target\asteroidsnetbeansspring\..\..\..\CommonPlayer\target\classes
INFO [org.netbeans.core.startup.NbEvents]: Module patch or custom extension: D:\Dropbox\Java projekter\cbse-week-11-to-17\AsteroidsNetBeansSpring\application\target\asteroidsnetbeansspring\..\..\..\Player\target\classes
INFO [org.netbeans.modules.netbinox]: Install area set to file:/D:/Dropbox/Java projekter/cbse-week-11-to-17/AsteroidsNetBeansSpring/application/target/asteroidsnetbeansspring/
INFO [org.netbeans.core.startup.NbEvents]: Turning on modules:
	org.openide.util.lookup [8.32.1 201510222201]
	org.openide.util [9.5.1 201510222201]
	org.openide.util.ui [9.4.1 201510222201]
	org.openide.modules [7.47.1 201510222201]
	org.netbeans.api.annotations.common/1 [1.26.1 201510222201]
	org.openide.filesystems [9.8.1 201510222201]
	org.netbeans.api.intent [1.1.1 201510222201]
	org.netbeans.api.io [1.2.1 201510222201]
	org.openide.io [1.48.1 201510222201]
	org.openide.awt [7.65.1 201510222201]
	org.netbeans.libs.asm [5.2.1 201510222201]
	org.netbeans.bootstrap/1 [2.74.1 201510222201]
	org.netbeans.core.startup.base [1.61.1.1 1 201510222201]
	org.netbeans.core.startup/1 [1.61.1.1 201510222201]
	org.netbeans.libs.osgi [1.20.1 201510222201]
	org.netbeans.core.netigso [1.30.1 201510222201]
	org.netbeans.modules.netbinox [1.39.1 201510222201]
	org.netbeans.api.progress/1 [1.46.1 201510222201]
	org.netbeans.api.progress.nb [1.46.1 201510222201]
	org.netbeans.modules.autoupdate.services [1.51.1 201510222201]
	org.apache.commons.logging [1.2.0 1.2.0]
	dk.sdu.mmmi.cbse.SilentUpdate [1.0.0 1.0.0-20170425 201704252103]
	dk.sdu.mmmi.cbse.Common [1.0.0 1.0.0-20170425 201704252103]
	dk.sdu.mmmi.cbse.CommonPlayer [1.0.0 1.0.0-20170425 201704252103]
	dk.sdu.mmmi.cbse.Player [1.0.0 1.0.0-20170426 201704261602]
INFO [org.netbeans.core.netigso.Netigso]: bundle org.eclipse.osgi@3.9.1.v20140110-1610 started
INFO [org.netbeans.modules.autoupdate.silentupdate]: Update found: Enemy[dk.sdu.mmmi.cbse.Enemy/1.0.0]
INFO [org.netbeans.modules.autoupdate.silentupdate]: Update found: Collision[dk.sdu.mmmi.cbse.Collision/1.0.0]
INFO [org.netbeans.modules.autoupdate.silentupdate]: Update found: Asteroid[dk.sdu.mmmi.cbse.Asteroid/1.0.0]
INFO [org.netbeans.modules.autoupdate.silentupdate]: Update found: CommonAsteroid[dk.sdu.mmmi.cbse.CommonAsteroid/1.0.0]
INFO [org.netbeans.modules.autoupdate.silentupdate]: Update found: CommonBullet[dk.sdu.mmmi.cbse.CommonBullet/1.0.0]
INFO [org.netbeans.modules.autoupdate.silentupdate]: Update found: Bullet[dk.sdu.mmmi.cbse.Bullet/1.0.0]
INFO [org.netbeans.modules.autoupdate.silentupdate]: Update found: Core[dk.sdu.mmmi.cbse.Core/1.0.0]
INFO [org.netbeans.modules.autoupdate.silentupdate]: Update found: CommonEnemy[dk.sdu.mmmi.cbse.CommonEnemy/1.0.0]
INFO [org.netbeans.modules.autoupdate.services.InstallManager]: Declared target cluster asteroidsnetbeansupdate in Enemy[dk.sdu.mmmi.cbse.Enemy/1.0.0] wasn't found or was read only. Will be used D:\Dropbox\Java projekter\cbse-week-11-to-17\AsteroidsNetBeansSpring\application\target\userdir
INFO [org.netbeans.modules.autoupdate.services.InstallManager]: Declared target cluster asteroidsnetbeansupdate in CommonEnemy[dk.sdu.mmmi.cbse.CommonEnemy/1.0.0] wasn't found or was read only. Will be used D:\Dropbox\Java projekter\cbse-week-11-to-17\AsteroidsNetBeansSpring\application\target\userdir
INFO [org.netbeans.modules.autoupdate.services.InstallManager]: Declared target cluster asteroidsnetbeansupdate in Collision[dk.sdu.mmmi.cbse.Collision/1.0.0] wasn't found or was read only. Will be used D:\Dropbox\Java projekter\cbse-week-11-to-17\AsteroidsNetBeansSpring\application\target\userdir
INFO [org.netbeans.modules.autoupdate.services.InstallManager]: Declared target cluster asteroidsnetbeansupdate in CommonAsteroid[dk.sdu.mmmi.cbse.CommonAsteroid/1.0.0] wasn't found or was read only. Will be used D:\Dropbox\Java projekter\cbse-week-11-to-17\AsteroidsNetBeansSpring\application\target\userdir
INFO [org.netbeans.modules.autoupdate.services.InstallManager]: Declared target cluster asteroidsnetbeansupdate in CommonBullet[dk.sdu.mmmi.cbse.CommonBullet/1.0.0] wasn't found or was read only. Will be used D:\Dropbox\Java projekter\cbse-week-11-to-17\AsteroidsNetBeansSpring\application\target\userdir
INFO [org.netbeans.modules.autoupdate.services.InstallManager]: Declared target cluster asteroidsnetbeansupdate in Asteroid[dk.sdu.mmmi.cbse.Asteroid/1.0.0] wasn't found or was read only. Will be used D:\Dropbox\Java projekter\cbse-week-11-to-17\AsteroidsNetBeansSpring\application\target\userdir
INFO [org.netbeans.modules.autoupdate.services.InstallManager]: Declared target cluster asteroidsnetbeansupdate in Bullet[dk.sdu.mmmi.cbse.Bullet/1.0.0] wasn't found or was read only. Will be used D:\Dropbox\Java projekter\cbse-week-11-to-17\AsteroidsNetBeansSpring\application\target\userdir
INFO [org.netbeans.modules.autoupdate.services.InstallManager]: Declared target cluster asteroidsnetbeansupdate in Core[dk.sdu.mmmi.cbse.Core/1.0.0] wasn't found or was read only. Will be used D:\Dropbox\Java projekter\cbse-week-11-to-17\AsteroidsNetBeansSpring\application\target\userdir
INFO [org.netbeans.modules.autoupdate.services.InstallManager]: Declared target cluster asteroidsnetbeansupdate in Enemy[dk.sdu.mmmi.cbse.Enemy/1.0.0] wasn't found or was read only. Will be used D:\Dropbox\Java projekter\cbse-week-11-to-17\AsteroidsNetBeansSpring\application\target\userdir
INFO [org.netbeans.modules.autoupdate.services.InstallManager]: Declared target cluster asteroidsnetbeansupdate in CommonEnemy[dk.sdu.mmmi.cbse.CommonEnemy/1.0.0] wasn't found or was read only. Will be used D:\Dropbox\Java projekter\cbse-week-11-to-17\AsteroidsNetBeansSpring\application\target\userdir
INFO [org.netbeans.modules.autoupdate.services.InstallManager]: Declared target cluster asteroidsnetbeansupdate in Collision[dk.sdu.mmmi.cbse.Collision/1.0.0] wasn't found or was read only. Will be used D:\Dropbox\Java projekter\cbse-week-11-to-17\AsteroidsNetBeansSpring\application\target\userdir
INFO [org.netbeans.modules.autoupdate.services.InstallManager]: Declared target cluster asteroidsnetbeansupdate in CommonAsteroid[dk.sdu.mmmi.cbse.CommonAsteroid/1.0.0] wasn't found or was read only. Will be used D:\Dropbox\Java projekter\cbse-week-11-to-17\AsteroidsNetBeansSpring\application\target\userdir
INFO [org.netbeans.modules.autoupdate.services.InstallManager]: Declared target cluster asteroidsnetbeansupdate in CommonBullet[dk.sdu.mmmi.cbse.CommonBullet/1.0.0] wasn't found or was read only. Will be used D:\Dropbox\Java projekter\cbse-week-11-to-17\AsteroidsNetBeansSpring\application\target\userdir
INFO [org.netbeans.modules.autoupdate.services.InstallManager]: Declared target cluster asteroidsnetbeansupdate in Asteroid[dk.sdu.mmmi.cbse.Asteroid/1.0.0] wasn't found or was read only. Will be used D:\Dropbox\Java projekter\cbse-week-11-to-17\AsteroidsNetBeansSpring\application\target\userdir
INFO [org.netbeans.modules.autoupdate.services.InstallManager]: Declared target cluster asteroidsnetbeansupdate in Bullet[dk.sdu.mmmi.cbse.Bullet/1.0.0] wasn't found or was read only. Will be used D:\Dropbox\Java projekter\cbse-week-11-to-17\AsteroidsNetBeansSpring\application\target\userdir
INFO [org.netbeans.modules.autoupdate.services.InstallManager]: Declared target cluster asteroidsnetbeansupdate in Core[dk.sdu.mmmi.cbse.Core/1.0.0] wasn't found or was read only. Will be used D:\Dropbox\Java projekter\cbse-week-11-to-17\AsteroidsNetBeansSpring\application\target\userdir
INFO [org.netbeans.updater]: 780: Unpacking dk-sdu-mmmi-cbse-CommonAsteroid.nbm
INFO [org.netbeans.updater]: File installed D:\Dropbox\Java projekter\cbse-week-11-to-17\AsteroidsNetBeansSpring\application\target\userdir\config\Modules\dk-sdu-mmmi-cbse-CommonAsteroid.xml@0
INFO [org.netbeans.updater]: Copied file netbeans/config/Modules/dk-sdu-mmmi-cbse-CommonAsteroid.xml to D:\Dropbox\Java projekter\cbse-week-11-to-17\AsteroidsNetBeansSpring\application\target\userdir\config\Modules\dk-sdu-mmmi-cbse-CommonAsteroid.xml
INFO [org.netbeans.updater]: File installed D:\Dropbox\Java projekter\cbse-week-11-to-17\AsteroidsNetBeansSpring\application\target\userdir\modules\dk-sdu-mmmi-cbse-CommonAsteroid.jar@0
INFO [org.netbeans.updater]: Copied file netbeans/modules/dk-sdu-mmmi-cbse-CommonAsteroid.jar to D:\Dropbox\Java projekter\cbse-week-11-to-17\AsteroidsNetBeansSpring\application\target\userdir\modules\dk-sdu-mmmi-cbse-CommonAsteroid.jar
INFO [org.netbeans.updater]: File D:\Dropbox\Java projekter\cbse-week-11-to-17\AsteroidsNetBeansSpring\application\target\userdir\update\download\dk-sdu-mmmi-cbse-CommonAsteroid.nbm deleted.
INFO [org.netbeans.updater]: Use XML Transformer: com.sun.org.apache.xalan.internal.xsltc.trax.TransformerImpl@30c58c7d
INFO [org.netbeans.updater]: File D:\Dropbox\Java projekter\cbse-week-11-to-17\AsteroidsNetBeansSpring\application\target\userdir\update_tracking\dk-sdu-mmmi-cbse-CommonAsteroid.xml modified.
INFO [org.netbeans.updater]: File installed D:\Dropbox\Java projekter\cbse-week-11-to-17\AsteroidsNetBeansSpring\application\target\userdir\update_tracking\dk-sdu-mmmi-cbse-CommonAsteroid.xml@0
INFO [org.netbeans.updater]: 780: Unpacking dk-sdu-mmmi-cbse-CommonBullet.nbm
INFO [org.netbeans.updater]: File installed D:\Dropbox\Java projekter\cbse-week-11-to-17\AsteroidsNetBeansSpring\application\target\userdir\config\Modules\dk-sdu-mmmi-cbse-CommonBullet.xml@0
INFO [org.netbeans.updater]: Copied file netbeans/config/Modules/dk-sdu-mmmi-cbse-CommonBullet.xml to D:\Dropbox\Java projekter\cbse-week-11-to-17\AsteroidsNetBeansSpring\application\target\userdir\config\Modules\dk-sdu-mmmi-cbse-CommonBullet.xml
INFO [org.netbeans.updater]: File installed D:\Dropbox\Java projekter\cbse-week-11-to-17\AsteroidsNetBeansSpring\application\target\userdir\modules\dk-sdu-mmmi-cbse-CommonBullet.jar@0
INFO [org.netbeans.updater]: Copied file netbeans/modules/dk-sdu-mmmi-cbse-CommonBullet.jar to D:\Dropbox\Java projekter\cbse-week-11-to-17\AsteroidsNetBeansSpring\application\target\userdir\modules\dk-sdu-mmmi-cbse-CommonBullet.jar
INFO [org.netbeans.updater]: File D:\Dropbox\Java projekter\cbse-week-11-to-17\AsteroidsNetBeansSpring\application\target\userdir\update\download\dk-sdu-mmmi-cbse-CommonBullet.nbm deleted.
INFO [org.netbeans.updater]: Use XML Transformer: com.sun.org.apache.xalan.internal.xsltc.trax.TransformerImpl@605669a6
INFO [org.netbeans.updater]: File D:\Dropbox\Java projekter\cbse-week-11-to-17\AsteroidsNetBeansSpring\application\target\userdir\update_tracking\dk-sdu-mmmi-cbse-CommonBullet.xml modified.
INFO [org.netbeans.updater]: File installed D:\Dropbox\Java projekter\cbse-week-11-to-17\AsteroidsNetBeansSpring\application\target\userdir\update_tracking\dk-sdu-mmmi-cbse-CommonBullet.xml@0
INFO [org.netbeans.updater]: 780: Unpacking dk-sdu-mmmi-cbse-Core.nbm
INFO [org.netbeans.updater]: File installed D:\Dropbox\Java projekter\cbse-week-11-to-17\AsteroidsNetBeansSpring\application\target\userdir\config\Modules\dk-sdu-mmmi-cbse-Core.xml@0
INFO [org.netbeans.updater]: Copied file netbeans/config/Modules/dk-sdu-mmmi-cbse-Core.xml to D:\Dropbox\Java projekter\cbse-week-11-to-17\AsteroidsNetBeansSpring\application\target\userdir\config\Modules\dk-sdu-mmmi-cbse-Core.xml
INFO [org.netbeans.updater]: File installed D:\Dropbox\Java projekter\cbse-week-11-to-17\AsteroidsNetBeansSpring\application\target\userdir\modules\dk-sdu-mmmi-cbse-Core.jar@0
INFO [org.netbeans.updater]: Copied file netbeans/modules/dk-sdu-mmmi-cbse-Core.jar to D:\Dropbox\Java projekter\cbse-week-11-to-17\AsteroidsNetBeansSpring\application\target\userdir\modules\dk-sdu-mmmi-cbse-Core.jar
INFO [org.netbeans.updater]: File installed D:\Dropbox\Java projekter\cbse-week-11-to-17\AsteroidsNetBeansSpring\application\target\userdir\modules\ext\dk.sdu.mmmi.cbse.Core\com-badlogicgames-gdx\gdx-backend-lwjgl.jar@0
INFO [org.netbeans.updater]: Copied file netbeans/modules/ext/dk.sdu.mmmi.cbse.Core/com-badlogicgames-gdx/gdx-backend-lwjgl.jar to D:\Dropbox\Java projekter\cbse-week-11-to-17\AsteroidsNetBeansSpring\application\target\userdir\modules\ext\dk.sdu.mmmi.cbse.Core\com-badlogicgames-gdx\gdx-backend-lwjgl.jar
INFO [org.netbeans.updater]: File installed D:\Dropbox\Java projekter\cbse-week-11-to-17\AsteroidsNetBeansSpring\application\target\userdir\modules\ext\dk.sdu.mmmi.cbse.Core\com-badlogicgames-gdx\gdx-platform-natives-desktop.jar@0
INFO [org.netbeans.updater]: Copied file netbeans/modules/ext/dk.sdu.mmmi.cbse.Core/com-badlogicgames-gdx/gdx-platform-natives-desktop.jar to D:\Dropbox\Java projekter\cbse-week-11-to-17\AsteroidsNetBeansSpring\application\target\userdir\modules\ext\dk.sdu.mmmi.cbse.Core\com-badlogicgames-gdx\gdx-platform-natives-desktop.jar
INFO [org.netbeans.updater]: File installed D:\Dropbox\Java projekter\cbse-week-11-to-17\AsteroidsNetBeansSpring\application\target\userdir\modules\ext\dk.sdu.mmmi.cbse.Core\com-badlogicgames-gdx\gdx.jar@0
INFO [org.netbeans.updater]: Copied file netbeans/modules/ext/dk.sdu.mmmi.cbse.Core/com-badlogicgames-gdx/gdx.jar to D:\Dropbox\Java projekter\cbse-week-11-to-17\AsteroidsNetBeansSpring\application\target\userdir\modules\ext\dk.sdu.mmmi.cbse.Core\com-badlogicgames-gdx\gdx.jar
INFO [org.netbeans.updater]: File installed D:\Dropbox\Java projekter\cbse-week-11-to-17\AsteroidsNetBeansSpring\application\target\userdir\modules\ext\dk.sdu.mmmi.cbse.Core\com-badlogicgames-jlayer\jlayer.jar@0
INFO [org.netbeans.updater]: Copied file netbeans/modules/ext/dk.sdu.mmmi.cbse.Core/com-badlogicgames-jlayer/jlayer.jar to D:\Dropbox\Java projekter\cbse-week-11-to-17\AsteroidsNetBeansSpring\application\target\userdir\modules\ext\dk.sdu.mmmi.cbse.Core\com-badlogicgames-jlayer\jlayer.jar
INFO [org.netbeans.updater]: File installed D:\Dropbox\Java projekter\cbse-week-11-to-17\AsteroidsNetBeansSpring\application\target\userdir\modules\ext\dk.sdu.mmmi.cbse.Core\net-java-jinput\jinput.jar@0
INFO [org.netbeans.updater]: Copied file netbeans/modules/ext/dk.sdu.mmmi.cbse.Core/net-java-jinput/jinput.jar to D:\Dropbox\Java projekter\cbse-week-11-to-17\AsteroidsNetBeansSpring\application\target\userdir\modules\ext\dk.sdu.mmmi.cbse.Core\net-java-jinput\jinput.jar
INFO [org.netbeans.updater]: File installed D:\Dropbox\Java projekter\cbse-week-11-to-17\AsteroidsNetBeansSpring\application\target\userdir\modules\ext\dk.sdu.mmmi.cbse.Core\net-java-jutils\jutils.jar@0
INFO [org.netbeans.updater]: Copied file netbeans/modules/ext/dk.sdu.mmmi.cbse.Core/net-java-jutils/jutils.jar to D:\Dropbox\Java projekter\cbse-week-11-to-17\AsteroidsNetBeansSpring\application\target\userdir\modules\ext\dk.sdu.mmmi.cbse.Core\net-java-jutils\jutils.jar
INFO [org.netbeans.updater]: File installed D:\Dropbox\Java projekter\cbse-week-11-to-17\AsteroidsNetBeansSpring\application\target\userdir\modules\ext\dk.sdu.mmmi.cbse.Core\org-jcraft\jorbis.jar@0
INFO [org.netbeans.updater]: Copied file netbeans/modules/ext/dk.sdu.mmmi.cbse.Core/org-jcraft/jorbis.jar to D:\Dropbox\Java projekter\cbse-week-11-to-17\AsteroidsNetBeansSpring\application\target\userdir\modules\ext\dk.sdu.mmmi.cbse.Core\org-jcraft\jorbis.jar
INFO [org.netbeans.updater]: File installed D:\Dropbox\Java projekter\cbse-week-11-to-17\AsteroidsNetBeansSpring\application\target\userdir\modules\ext\dk.sdu.mmmi.cbse.Core\org-lwjgl-lwjgl\lwjgl-platform-natives-linux.jar@0
INFO [org.netbeans.updater]: Copied file netbeans/modules/ext/dk.sdu.mmmi.cbse.Core/org-lwjgl-lwjgl/lwjgl-platform-natives-linux.jar to D:\Dropbox\Java projekter\cbse-week-11-to-17\AsteroidsNetBeansSpring\application\target\userdir\modules\ext\dk.sdu.mmmi.cbse.Core\org-lwjgl-lwjgl\lwjgl-platform-natives-linux.jar
INFO [org.netbeans.updater]: File installed D:\Dropbox\Java projekter\cbse-week-11-to-17\AsteroidsNetBeansSpring\application\target\userdir\modules\ext\dk.sdu.mmmi.cbse.Core\org-lwjgl-lwjgl\lwjgl-platform-natives-osx.jar@0
INFO [org.netbeans.updater]: Copied file netbeans/modules/ext/dk.sdu.mmmi.cbse.Core/org-lwjgl-lwjgl/lwjgl-platform-natives-osx.jar to D:\Dropbox\Java projekter\cbse-week-11-to-17\AsteroidsNetBeansSpring\application\target\userdir\modules\ext\dk.sdu.mmmi.cbse.Core\org-lwjgl-lwjgl\lwjgl-platform-natives-osx.jar
INFO [org.netbeans.updater]: File installed D:\Dropbox\Java projekter\cbse-week-11-to-17\AsteroidsNetBeansSpring\application\target\userdir\modules\ext\dk.sdu.mmmi.cbse.Core\org-lwjgl-lwjgl\lwjgl-platform-natives-windows.jar@0
INFO [org.netbeans.updater]: Copied file netbeans/modules/ext/dk.sdu.mmmi.cbse.Core/org-lwjgl-lwjgl/lwjgl-platform-natives-windows.jar to D:\Dropbox\Java projekter\cbse-week-11-to-17\AsteroidsNetBeansSpring\application\target\userdir\modules\ext\dk.sdu.mmmi.cbse.Core\org-lwjgl-lwjgl\lwjgl-platform-natives-windows.jar
INFO [org.netbeans.updater]: File installed D:\Dropbox\Java projekter\cbse-week-11-to-17\AsteroidsNetBeansSpring\application\target\userdir\modules\ext\dk.sdu.mmmi.cbse.Core\org-lwjgl-lwjgl\lwjgl.jar@0
INFO [org.netbeans.updater]: Copied file netbeans/modules/ext/dk.sdu.mmmi.cbse.Core/org-lwjgl-lwjgl/lwjgl.jar to D:\Dropbox\Java projekter\cbse-week-11-to-17\AsteroidsNetBeansSpring\application\target\userdir\modules\ext\dk.sdu.mmmi.cbse.Core\org-lwjgl-lwjgl\lwjgl.jar
INFO [org.netbeans.updater]: File installed D:\Dropbox\Java projekter\cbse-week-11-to-17\AsteroidsNetBeansSpring\application\target\userdir\modules\ext\dk.sdu.mmmi.cbse.Core\org-lwjgl-lwjgl\lwjgl_util.jar@0
INFO [org.netbeans.updater]: Copied file netbeans/modules/ext/dk.sdu.mmmi.cbse.Core/org-lwjgl-lwjgl/lwjgl_util.jar to D:\Dropbox\Java projekter\cbse-week-11-to-17\AsteroidsNetBeansSpring\application\target\userdir\modules\ext\dk.sdu.mmmi.cbse.Core\org-lwjgl-lwjgl\lwjgl_util.jar
INFO [org.netbeans.updater]: File D:\Dropbox\Java projekter\cbse-week-11-to-17\AsteroidsNetBeansSpring\application\target\userdir\update\download\dk-sdu-mmmi-cbse-Core.nbm deleted.
INFO [org.netbeans.updater]: Use XML Transformer: com.sun.org.apache.xalan.internal.xsltc.trax.TransformerImpl@1a0e579c
INFO [org.netbeans.updater]: File D:\Dropbox\Java projekter\cbse-week-11-to-17\AsteroidsNetBeansSpring\application\target\userdir\update_tracking\dk-sdu-mmmi-cbse-Core.xml modified.
INFO [org.netbeans.updater]: File installed D:\Dropbox\Java projekter\cbse-week-11-to-17\AsteroidsNetBeansSpring\application\target\userdir\update_tracking\dk-sdu-mmmi-cbse-Core.xml@0
INFO [org.netbeans.updater]: 780: Unpacking dk-sdu-mmmi-cbse-Enemy.nbm
INFO [org.netbeans.updater]: File installed D:\Dropbox\Java projekter\cbse-week-11-to-17\AsteroidsNetBeansSpring\application\target\userdir\config\Modules\dk-sdu-mmmi-cbse-Enemy.xml@0
INFO [org.netbeans.updater]: Copied file netbeans/config/Modules/dk-sdu-mmmi-cbse-Enemy.xml to D:\Dropbox\Java projekter\cbse-week-11-to-17\AsteroidsNetBeansSpring\application\target\userdir\config\Modules\dk-sdu-mmmi-cbse-Enemy.xml
INFO [org.netbeans.updater]: File installed D:\Dropbox\Java projekter\cbse-week-11-to-17\AsteroidsNetBeansSpring\application\target\userdir\modules\dk-sdu-mmmi-cbse-Enemy.jar@0
INFO [org.netbeans.updater]: Copied file netbeans/modules/dk-sdu-mmmi-cbse-Enemy.jar to D:\Dropbox\Java projekter\cbse-week-11-to-17\AsteroidsNetBeansSpring\application\target\userdir\modules\dk-sdu-mmmi-cbse-Enemy.jar
INFO [org.netbeans.updater]: File D:\Dropbox\Java projekter\cbse-week-11-to-17\AsteroidsNetBeansSpring\application\target\userdir\update\download\dk-sdu-mmmi-cbse-Enemy.nbm deleted.
INFO [org.netbeans.updater]: Use XML Transformer: com.sun.org.apache.xalan.internal.xsltc.trax.TransformerImpl@747eb5ab
INFO [org.netbeans.updater]: File D:\Dropbox\Java projekter\cbse-week-11-to-17\AsteroidsNetBeansSpring\application\target\userdir\update_tracking\dk-sdu-mmmi-cbse-Enemy.xml modified.
INFO [org.netbeans.updater]: File installed D:\Dropbox\Java projekter\cbse-week-11-to-17\AsteroidsNetBeansSpring\application\target\userdir\update_tracking\dk-sdu-mmmi-cbse-Enemy.xml@0
INFO [org.netbeans.updater]: 780: Unpacking dk-sdu-mmmi-cbse-CommonEnemy.nbm
INFO [org.netbeans.updater]: File installed D:\Dropbox\Java projekter\cbse-week-11-to-17\AsteroidsNetBeansSpring\application\target\userdir\config\Modules\dk-sdu-mmmi-cbse-CommonEnemy.xml@0
INFO [org.netbeans.updater]: Copied file netbeans/config/Modules/dk-sdu-mmmi-cbse-CommonEnemy.xml to D:\Dropbox\Java projekter\cbse-week-11-to-17\AsteroidsNetBeansSpring\application\target\userdir\config\Modules\dk-sdu-mmmi-cbse-CommonEnemy.xml
INFO [org.netbeans.updater]: File installed D:\Dropbox\Java projekter\cbse-week-11-to-17\AsteroidsNetBeansSpring\application\target\userdir\modules\dk-sdu-mmmi-cbse-CommonEnemy.jar@0
INFO [org.netbeans.updater]: Copied file netbeans/modules/dk-sdu-mmmi-cbse-CommonEnemy.jar to D:\Dropbox\Java projekter\cbse-week-11-to-17\AsteroidsNetBeansSpring\application\target\userdir\modules\dk-sdu-mmmi-cbse-CommonEnemy.jar
INFO [org.netbeans.updater]: File D:\Dropbox\Java projekter\cbse-week-11-to-17\AsteroidsNetBeansSpring\application\target\userdir\update\download\dk-sdu-mmmi-cbse-CommonEnemy.nbm deleted.
INFO [org.netbeans.updater]: Use XML Transformer: com.sun.org.apache.xalan.internal.xsltc.trax.TransformerImpl@7624dbe4
INFO [org.netbeans.updater]: File D:\Dropbox\Java projekter\cbse-week-11-to-17\AsteroidsNetBeansSpring\application\target\userdir\update_tracking\dk-sdu-mmmi-cbse-CommonEnemy.xml modified.
INFO [org.netbeans.updater]: File installed D:\Dropbox\Java projekter\cbse-week-11-to-17\AsteroidsNetBeansSpring\application\target\userdir\update_tracking\dk-sdu-mmmi-cbse-CommonEnemy.xml@0
INFO [org.netbeans.updater]: 780: Unpacking dk-sdu-mmmi-cbse-Collision.nbm
INFO [org.netbeans.updater]: File installed D:\Dropbox\Java projekter\cbse-week-11-to-17\AsteroidsNetBeansSpring\application\target\userdir\config\Modules\dk-sdu-mmmi-cbse-Collision.xml@0
INFO [org.netbeans.updater]: Copied file netbeans/config/Modules/dk-sdu-mmmi-cbse-Collision.xml to D:\Dropbox\Java projekter\cbse-week-11-to-17\AsteroidsNetBeansSpring\application\target\userdir\config\Modules\dk-sdu-mmmi-cbse-Collision.xml
INFO [org.netbeans.updater]: File installed D:\Dropbox\Java projekter\cbse-week-11-to-17\AsteroidsNetBeansSpring\application\target\userdir\modules\dk-sdu-mmmi-cbse-Collision.jar@0
INFO [org.netbeans.updater]: Copied file netbeans/modules/dk-sdu-mmmi-cbse-Collision.jar to D:\Dropbox\Java projekter\cbse-week-11-to-17\AsteroidsNetBeansSpring\application\target\userdir\modules\dk-sdu-mmmi-cbse-Collision.jar
INFO [org.netbeans.updater]: File D:\Dropbox\Java projekter\cbse-week-11-to-17\AsteroidsNetBeansSpring\application\target\userdir\update\download\dk-sdu-mmmi-cbse-Collision.nbm deleted.
INFO [org.netbeans.updater]: Use XML Transformer: com.sun.org.apache.xalan.internal.xsltc.trax.TransformerImpl@7b55aec3
INFO [org.netbeans.updater]: File D:\Dropbox\Java projekter\cbse-week-11-to-17\AsteroidsNetBeansSpring\application\target\userdir\update_tracking\dk-sdu-mmmi-cbse-Collision.xml modified.
INFO [org.netbeans.updater]: File installed D:\Dropbox\Java projekter\cbse-week-11-to-17\AsteroidsNetBeansSpring\application\target\userdir\update_tracking\dk-sdu-mmmi-cbse-Collision.xml@0
INFO [org.netbeans.updater]: 780: Unpacking dk-sdu-mmmi-cbse-Bullet.nbm
INFO [org.netbeans.updater]: File installed D:\Dropbox\Java projekter\cbse-week-11-to-17\AsteroidsNetBeansSpring\application\target\userdir\config\Modules\dk-sdu-mmmi-cbse-Bullet.xml@0
INFO [org.netbeans.updater]: Copied file netbeans/config/Modules/dk-sdu-mmmi-cbse-Bullet.xml to D:\Dropbox\Java projekter\cbse-week-11-to-17\AsteroidsNetBeansSpring\application\target\userdir\config\Modules\dk-sdu-mmmi-cbse-Bullet.xml
INFO [org.netbeans.updater]: File installed D:\Dropbox\Java projekter\cbse-week-11-to-17\AsteroidsNetBeansSpring\application\target\userdir\modules\dk-sdu-mmmi-cbse-Bullet.jar@0
INFO [org.netbeans.updater]: Copied file netbeans/modules/dk-sdu-mmmi-cbse-Bullet.jar to D:\Dropbox\Java projekter\cbse-week-11-to-17\AsteroidsNetBeansSpring\application\target\userdir\modules\dk-sdu-mmmi-cbse-Bullet.jar
INFO [org.netbeans.updater]: File D:\Dropbox\Java projekter\cbse-week-11-to-17\AsteroidsNetBeansSpring\application\target\userdir\update\download\dk-sdu-mmmi-cbse-Bullet.nbm deleted.
INFO [org.netbeans.updater]: Use XML Transformer: com.sun.org.apache.xalan.internal.xsltc.trax.TransformerImpl@51b9fdbd
INFO [org.netbeans.updater]: File D:\Dropbox\Java projekter\cbse-week-11-to-17\AsteroidsNetBeansSpring\application\target\userdir\update_tracking\dk-sdu-mmmi-cbse-Bullet.xml modified.
INFO [org.netbeans.updater]: File installed D:\Dropbox\Java projekter\cbse-week-11-to-17\AsteroidsNetBeansSpring\application\target\userdir\update_tracking\dk-sdu-mmmi-cbse-Bullet.xml@0
INFO [org.netbeans.updater]: 780: Unpacking dk-sdu-mmmi-cbse-Asteroid.nbm
INFO [org.netbeans.updater]: File installed D:\Dropbox\Java projekter\cbse-week-11-to-17\AsteroidsNetBeansSpring\application\target\userdir\config\Modules\dk-sdu-mmmi-cbse-Asteroid.xml@0
INFO [org.netbeans.updater]: Copied file netbeans/config/Modules/dk-sdu-mmmi-cbse-Asteroid.xml to D:\Dropbox\Java projekter\cbse-week-11-to-17\AsteroidsNetBeansSpring\application\target\userdir\config\Modules\dk-sdu-mmmi-cbse-Asteroid.xml
INFO [org.netbeans.updater]: File installed D:\Dropbox\Java projekter\cbse-week-11-to-17\AsteroidsNetBeansSpring\application\target\userdir\modules\dk-sdu-mmmi-cbse-Asteroid.jar@0
INFO [org.netbeans.updater]: Copied file netbeans/modules/dk-sdu-mmmi-cbse-Asteroid.jar to D:\Dropbox\Java projekter\cbse-week-11-to-17\AsteroidsNetBeansSpring\application\target\userdir\modules\dk-sdu-mmmi-cbse-Asteroid.jar
INFO [org.netbeans.updater]: File D:\Dropbox\Java projekter\cbse-week-11-to-17\AsteroidsNetBeansSpring\application\target\userdir\update\download\dk-sdu-mmmi-cbse-Asteroid.nbm deleted.
INFO [org.netbeans.updater]: Use XML Transformer: com.sun.org.apache.xalan.internal.xsltc.trax.TransformerImpl@56e03511
INFO [org.netbeans.updater]: File D:\Dropbox\Java projekter\cbse-week-11-to-17\AsteroidsNetBeansSpring\application\target\userdir\update_tracking\dk-sdu-mmmi-cbse-Asteroid.xml modified.
INFO [org.netbeans.updater]: File installed D:\Dropbox\Java projekter\cbse-week-11-to-17\AsteroidsNetBeansSpring\application\target\userdir\update_tracking\dk-sdu-mmmi-cbse-Asteroid.xml@0
INFO [org.netbeans.updater]: File D:\Dropbox\Java projekter\cbse-week-11-to-17\AsteroidsNetBeansSpring\application\target\userdir\update\download\additional_information.xml deleted.
INFO [org.netbeans.modules.autoupdate.silentupdate]: Install new modules done.
Turning on modules...
Loading module services...
Loading modules...
Starting modules...
INFO [null]: Last record repeated again.
INFO [org.netbeans.core.startup.NbEvents]: Turning on modules:
	dk.sdu.mmmi.cbse.CommonEnemy [1.0.0 1.0.0-20170425 201704251600]
	dk.sdu.mmmi.cbse.Enemy [1.0.0 1.0.0-20170425 201704251600]
	dk.sdu.mmmi.cbse.Core [1.0.0 1.0.0-20170425 201704251600]
	dk.sdu.mmmi.cbse.CommonBullet [1.0.0 1.0.0-20170425 201704251600]
	dk.sdu.mmmi.cbse.CommonAsteroid [1.0.0 1.0.0-20170425 201704251600]
	dk.sdu.mmmi.cbse.Collision [1.0.0 1.0.0-20170425 201704251600]
	dk.sdu.mmmi.cbse.Bullet [1.0.0 1.0.0-20170425 201704251600]
	dk.sdu.mmmi.cbse.Asteroid [1.0.0 1.0.0-20170425 201704251610]
Starting modules...
INFO [null]: Last record repeated 2 more times.
Turning on modules...done.
INFO [org.netbeans.modules.autoupdate.silentupdate]: None for update/install/uninstall
SEVERE [global]
java.lang.NullPointerException
	at dk.sdu.mmmi.cbse.player.PlayerControlSystem.process(PlayerControlSystem.java:40)
	at dk.sdu.mmmi.cbse.main.Game.update(Game.java:75)
	at dk.sdu.mmmi.cbse.main.Game.render(Game.java:65)
	at com.badlogic.gdx.backends.lwjgl.LwjglApplication.mainLoop(LwjglApplication.java:207)
[catch] at com.badlogic.gdx.backends.lwjgl.LwjglApplication$1.run(LwjglApplication.java:114)
INFO [org.netbeans.modules.autoupdate.silentupdate]: None for update/install/uninstall
